# JRE version: OpenJDK Runtime Environment (8.0_151-b12) (build 1.8.0_151-8u151-b12-0ubuntu0.16.04.2-b12)
# Java VM: OpenJDK Server VM (25.151-b12 mixed mode linux-x86 )
Heap:
 PSYoungGen      total 55040K, used 34026K [0x9d200000, 0xa1440000, 0xa7400000)
  eden space 51968K, 59% used [0x9d200000,0x9f060298,0xa04c0000)
  from space 3072K, 95% used [0xa1140000,0xa141a788,0xa1440000)
  to   space 4608K, 0% used [0xa0b40000,0xa0b40000,0xa0fc0000)
 ParOldGen       total 17152K, used 5392K [0x88e00000, 0x89ec0000, 0x9d200000)
  object space 17152K, 31% used [0x88e00000,0x89344268,0x89ec0000)
 Metaspace       used 19233K, capacity 19449K, committed 19584K, reserved 19760K
GC Heap History (10 events):
Event: 14,356 GC heap before
{Heap before GC invocations=6 (full 1):
 PSYoungGen      total 17664K, used 17658K [0x9d200000, 0x9e480000, 0xa7400000)
  eden space 16384K, 100% used [0x9d200000,0x9e200000,0x9e200000)
  from space 1280K, 99% used [0x9e340000,0x9e47e9e0,0x9e480000)
  to   space 1280K, 0% used [0x9e200000,0x9e200000,0x9e340000)
 ParOldGen       total 22016K, used 2197K [0x88e00000, 0x8a380000, 0x9d200000)
  object space 22016K, 9% used [0x88e00000,0x89025698,0x8a380000)
 Metaspace       used 13059K, capacity 13295K, committed 13464K, reserved 13616K
Event: 14,367 GC heap after
Heap after GC invocations=6 (full 1):
 PSYoungGen      total 17664K, used 1269K [0x9d200000, 0x9f480000, 0xa7400000)
  eden space 16384K, 0% used [0x9d200000,0x9d200000,0x9e200000)
  from space 1280K, 99% used [0x9e200000,0x9e33d4a8,0x9e340000)
  to   space 1280K, 0% used [0x9f340000,0x9f340000,0x9f480000)
 ParOldGen       total 22016K, used 3244K [0x88e00000, 0x8a380000, 0x9d200000)
  object space 22016K, 14% used [0x88e00000,0x8912b3c0,0x8a380000)
 Metaspace       used 13059K, capacity 13295K, committed 13464K, reserved 13616K
}
Event: 15,619 GC heap before
{Heap before GC invocations=7 (full 1):
 PSYoungGen      total 17664K, used 17653K [0x9d200000, 0x9f480000, 0xa7400000)
  eden space 16384K, 100% used [0x9d200000,0x9e200000,0x9e200000)
  from space 1280K, 99% used [0x9e200000,0x9e33d4a8,0x9e340000)
  to   space 1280K, 0% used [0x9f340000,0x9f340000,0x9f480000)
 ParOldGen       total 22016K, used 3244K [0x88e00000, 0x8a380000, 0x9d200000)
  object space 22016K, 14% used [0x88e00000,0x8912b3c0,0x8a380000)
 Metaspace       used 14420K, capacity 14642K, committed 14744K, reserved 15664K
Event: 15,630 GC heap after
Heap after GC invocations=7 (full 1):
 PSYoungGen      total 31488K, used 1278K [0x9d200000, 0x9f980000, 0xa7400000)
  eden space 30208K, 0% used [0x9d200000,0x9d200000,0x9ef80000)
  from space 1280K, 99% used [0x9f340000,0x9f47f910,0x9f480000)
  to   space 3840K, 0% used [0x9ef80000,0x9ef80000,0x9f340000)
 ParOldGen       total 22016K, used 4910K [0x88e00000, 0x8a380000, 0x9d200000)
  object space 22016K, 22% used [0x88e00000,0x892cb9e0,0x8a380000)
 Metaspace       used 14420K, capacity 14642K, committed 14744K, reserved 15664K
}
Event: 18,248 GC heap before
{Heap before GC invocations=8 (full 1):
 PSYoungGen      total 31488K, used 14969K [0x9d200000, 0x9f980000, 0xa7400000)
  eden space 30208K, 45% used [0x9d200000,0x9df5ee60,0x9ef80000)
  from space 1280K, 99% used [0x9f340000,0x9f47f910,0x9f480000)
  to   space 3840K, 0% used [0x9ef80000,0x9ef80000,0x9f340000)
 ParOldGen       total 22016K, used 4910K [0x88e00000, 0x8a380000, 0x9d200000)
  object space 22016K, 22% used [0x88e00000,0x892cb9e0,0x8a380000)
 Metaspace       used 16078K, capacity 16306K, committed 16384K, reserved 16688K
Event: 18,263 GC heap after
Heap after GC invocations=8 (full 1):
 PSYoungGen      total 34048K, used 3216K [0x9d200000, 0xa1580000, 0xa7400000)
  eden space 30208K, 0% used [0x9d200000,0x9d200000,0x9ef80000)
  from space 3840K, 83% used [0x9ef80000,0x9f2a42a8,0x9f340000)
  to   space 4352K, 0% used [0xa1140000,0xa1140000,0xa1580000)
 ParOldGen       total 22016K, used 4914K [0x88e00000, 0x8a380000, 0x9d200000)
  object space 22016K, 22% used [0x88e00000,0x892cc9e0,0x8a380000)
 Metaspace       used 16078K, capacity 16306K, committed 16384K, reserved 16688K
}
Event: 18,263 GC heap before
{Heap before GC invocations=9 (full 2):
 PSYoungGen      total 34048K, used 3216K [0x9d200000, 0xa1580000, 0xa7400000)
  eden space 30208K, 0% used [0x9d200000,0x9d200000,0x9ef80000)
  from space 3840K, 83% used [0x9ef80000,0x9f2a42a8,0x9f340000)
  to   space 4352K, 0% used [0xa1140000,0xa1140000,0xa1580000)
 ParOldGen       total 22016K, used 4914K [0x88e00000, 0x8a380000, 0x9d200000)
  object space 22016K, 22% used [0x88e00000,0x892cc9e0,0x8a380000)
 Metaspace       used 16078K, capacity 16306K, committed 16384K, reserved 16688K
Event: 18,321 GC heap after
Heap after GC invocations=9 (full 2):
 PSYoungGen      total 34048K, used 0K [0x9d200000, 0xa1580000, 0xa7400000)
  eden space 30208K, 0% used [0x9d200000,0x9d200000,0x9ef80000)
  from space 3840K, 0% used [0x9ef80000,0x9ef80000,0x9f340000)
  to   space 4352K, 0% used [0xa1140000,0xa1140000,0xa1580000)
 ParOldGen       total 17152K, used 5388K [0x88e00000, 0x89ec0000, 0x9d200000)
  object space 17152K, 31% used [0x88e00000,0x89343268,0x89ec0000)
 Metaspace       used 16078K, capacity 16306K, committed 16384K, reserved 16688K
}
Event: 21,337 GC heap before
{Heap before GC invocations=10 (full 2):
 PSYoungGen      total 34048K, used 30208K [0x9d200000, 0xa1580000, 0xa7400000)
  eden space 30208K, 100% used [0x9d200000,0x9ef80000,0x9ef80000)
  from space 3840K, 0% used [0x9ef80000,0x9ef80000,0x9f340000)
  to   space 4352K, 0% used [0xa1140000,0xa1140000,0xa1580000)
 ParOldGen       total 17152K, used 5388K [0x88e00000, 0x89ec0000, 0x9d200000)
  object space 17152K, 31% used [0x88e00000,0x89343268,0x89ec0000)
 Metaspace       used 17971K, capacity 18194K, committed 18304K, reserved 18736K
Event: 21,347 GC heap after
Heap after GC invocations=10 (full 2):
 PSYoungGen      total 55040K, used 2921K [0x9d200000, 0xa1440000, 0xa7400000)
  eden space 51968K, 0% used [0x9d200000,0x9d200000,0xa04c0000)
  from space 3072K, 95% used [0xa1140000,0xa141a788,0xa1440000)
  to   space 4608K, 0% used [0xa0b40000,0xa0b40000,0xa0fc0000)
 ParOldGen       total 17152K, used 5392K [0x88e00000, 0x89ec0000, 0x9d200000)
  object space 17152K, 31% used [0x88e00000,0x89344268,0x89ec0000)
 Metaspace       used 17971K, capacity 18194K, committed 18304K, reserved 18736K
}

